SF:lib/providers/api_provider.dart
DA:7,6
DA:8,0
DA:12,6
DA:13,0
DA:17,7
DA:18,2
DA:19,2
DA:20,1
LF:8
LH:6
end_of_record
SF:lib/providers/posts_provider.dart
DA:4,8
DA:5,4
DA:6,2
DA:7,2
LF:4
LH:4
end_of_record
SF:lib/services/api_service.dart
DA:9,3
DA:12,3
DA:13,6
DA:15,3
DA:16,3
DA:17,9
DA:18,3
DA:19,3
DA:21,3
DA:25,2
DA:30,6
DA:31,6
DA:32,9
DA:33,3
DA:34,3
DA:40,6
DA:42,0
DA:43,0
DA:46,0
DA:47,0
LF:20
LH:16
end_of_record
SF:lib/app.dart
DA:6,1
DA:8,1
DA:10,1
DA:11,1
DA:12,1
DA:14,1
DA:21,1
DA:23,2
DA:25,1
DA:26,1
DA:27,1
DA:28,0
DA:29,0
DA:31,1
DA:32,1
DA:33,1
DA:34,1
DA:35,1
DA:36,2
DA:37,2
DA:43,3
DA:44,4
LF:22
LH:20
end_of_record
